<?xml version="1.0" encoding="utf-8"?><testsuites name="pytest tests"><testsuite name="pytest" errors="0" failures="0" skipped="0" tests="15" time="10.977" timestamp="2026-09-01T11:40:05.767175+00:00" hostname="agent-env-eab33919-c694-482f-823a-4dcb557e1ab5"><testcase classname="backend.tests.test_iteration2.TestAnomalyRules" name="test_defaults_seeded" time="0.020" /><testcase classname="backend.tests.test_iteration2.TestAnomalyRules" name="test_create_rule" time="0.007" /><testcase classname="backend.tests.test_iteration2.TestAnomalyRules" name="test_toggle_rule" time="0.006" /><testcase classname="backend.tests.test_iteration2.TestAnomalyRules" name="test_update_rule" time="0.004" /><testcase classname="backend.tests.test_iteration2.TestAnomalyRules" name="test_dry_run" time="0.009" /><testcase classname="backend.tests.test_iteration2.TestAnomalyRules" name="test_scan_uses_active_rules" time="0.007" /><testcase classname="backend.tests.test_iteration2.TestAnomalyRules" name="test_delete_rule" time="0.005" /><testcase classname="backend.tests.test_iteration2.TestChat" name="test_chat_basic" time="2.058" /><testcase classname="backend.tests.test_iteration2.TestChat" name="test_chat_resume_session" time="1.592" /><testcase classname="backend.tests.test_iteration2.TestChat" name="test_chat_history" time="0.004" /><testcase classname="backend.tests.test_iteration2.TestFrames" name="test_frames_ordered" time="0.006" /><testcase classname="backend.tests.test_iteration2.TestLockInsights" name="test_full_flow" time="7.099" /><testcase classname="backend.tests.test_iteration2.TestLockInsights" name="test_cleanup_lock" time="0.002" /><testcase classname="backend.tests.test_iteration2.TestFactsheetWithLocks" name="test_with_camera" time="0.005" /><testcase classname="backend.tests.test_iteration2.TestFactsheetWithLocks" name="test_without_camera" time="0.002" /></testsuite></testsuites>