<?xml version="1.0" encoding="utf-8"?><testsuites name="pytest tests"><testsuite name="pytest" errors="0" failures="0" skipped="0" tests="17" time="23.455" timestamp="2026-09-01T10:44:14.625436+00:00" hostname="agent-env-eab33919-c694-482f-823a-4dcb557e1ab5"><testcase classname="backend.tests.backend_test.TestHealthAndPacks" name="test_health" time="0.002" /><testcase classname="backend.tests.backend_test.TestHealthAndPacks" name="test_packs" time="0.001" /><testcase classname="backend.tests.backend_test.TestCameras" name="test_seed_first" time="0.004" /><testcase classname="backend.tests.backend_test.TestCameras" name="test_seed_idempotent" time="0.002" /><testcase classname="backend.tests.backend_test.TestCameras" name="test_list_cameras" time="0.002" /><testcase classname="backend.tests.backend_test.TestCameras" name="test_create_and_delete_camera" time="0.011" /><testcase classname="backend.tests.backend_test.TestVideoAndLedger" name="test_upload_and_process" time="20.527" /><testcase classname="backend.tests.backend_test.TestVideoAndLedger" name="test_ledger_rows_and_frame_url" time="0.018" /><testcase classname="backend.tests.backend_test.TestVideoAndLedger" name="test_factsheet" time="0.003" /><testcase classname="backend.tests.backend_test.TestVideoAndLedger" name="test_export_json" time="0.051" /><testcase classname="backend.tests.backend_test.TestVideoAndLedger" name="test_export_csv" time="0.003" /><testcase classname="backend.tests.backend_test.TestAnomalies" name="test_scan_and_lifecycle" time="0.013" /><testcase classname="backend.tests.backend_test.TestIdentities" name="test_enroll_list_delete" time="0.811" /><testcase classname="backend.tests.backend_test.TestIdentities" name="test_delete_identity" time="0.021" /><testcase classname="backend.tests.backend_test.TestLocks" name="test_lock_flow" time="0.018" /><testcase classname="backend.tests.backend_test.TestNarrative" name="test_narrative" time="1.801" /><testcase classname="backend.tests.backend_test.TestMetrics" name="test_metrics" time="0.004" /></testsuite></testsuites>